0 info it worked if it ends with ok
1 verbose cli [ '/usr/local/bin/node',
1 verbose cli   '/usr/local/bin/npm',
1 verbose cli   'install',
1 verbose cli   '-g',
1 verbose cli   'nodemon' ]
2 info using npm@3.3.6
3 info using node@v5.0.0
4 silly loadCurrentTree Starting
5 silly install loadCurrentTree
6 silly install readGlobalPackageData
7 silly fetchPackageMetaData nodemon
8 silly fetchNamedPackageData nodemon
9 silly mapToRegistry name nodemon
10 silly mapToRegistry using default registry
11 silly mapToRegistry registry https://registry.npmjs.org/
12 silly mapToRegistry uri https://registry.npmjs.org/nodemon
13 verbose request uri https://registry.npmjs.org/nodemon
14 verbose request no auth needed
15 info attempt registry request try #1 at 14:37:46
16 verbose request id 3380f3c11c60c4bc
17 verbose etag "EAUA72JDF5WN5GJXVPJU9COXL"
18 http request GET https://registry.npmjs.org/nodemon
19 http 200 https://registry.npmjs.org/nodemon
20 verbose headers { server: 'CouchDB/1.5.0 (Erlang OTP/R16B03)',
20 verbose headers   etag: '"3NVIWBUSLLFURDBR1D1YDA3OJ"',
20 verbose headers   'content-type': 'application/json',
20 verbose headers   'cache-control': 'max-age=300',
20 verbose headers   'content-length': '181899',
20 verbose headers   'accept-ranges': 'bytes',
20 verbose headers   date: 'Mon, 04 Jan 2016 13:37:46 GMT',
20 verbose headers   via: '1.1 varnish',
20 verbose headers   age: '17',
20 verbose headers   connection: 'keep-alive',
20 verbose headers   'x-served-by': 'cache-ams4124-AMS',
20 verbose headers   'x-cache': 'HIT',
20 verbose headers   'x-cache-hits': '1',
20 verbose headers   'x-timer': 'S1451914666.578390,VS0,VE0',
20 verbose headers   vary: 'Accept' }
21 silly get cb [ 200,
21 silly get   { server: 'CouchDB/1.5.0 (Erlang OTP/R16B03)',
21 silly get     etag: '"3NVIWBUSLLFURDBR1D1YDA3OJ"',
21 silly get     'content-type': 'application/json',
21 silly get     'cache-control': 'max-age=300',
21 silly get     'content-length': '181899',
21 silly get     'accept-ranges': 'bytes',
21 silly get     date: 'Mon, 04 Jan 2016 13:37:46 GMT',
21 silly get     via: '1.1 varnish',
21 silly get     age: '17',
21 silly get     connection: 'keep-alive',
21 silly get     'x-served-by': 'cache-ams4124-AMS',
21 silly get     'x-cache': 'HIT',
21 silly get     'x-cache-hits': '1',
21 silly get     'x-timer': 'S1451914666.578390,VS0,VE0',
21 silly get     vary: 'Accept' } ]
22 verbose get saving nodemon to /home/apprenti/.npm/registry.npmjs.org/nodemon/.cache.json
23 silly install normalizeTree
24 silly loadCurrentTree Finishing
25 silly loadIdealTree Starting
26 silly install loadIdealTree
27 silly cloneCurrentTree Starting
28 silly install cloneCurrentTreeToIdealTree
29 silly cloneCurrentTree Finishing
30 silly loadShrinkwrap Starting
31 silly install loadShrinkwrap
32 silly loadShrinkwrap Finishing
33 silly loadAllDepsIntoIdealTree Starting
34 silly install loadAllDepsIntoIdealTree
35 silly resolveWithNewModule nodemon@1.8.1 checking installable status
36 silly cache add args [ 'nodemon', null ]
37 verbose cache add spec nodemon
38 silly cache add parsed spec Result {
38 silly cache add   raw: 'nodemon',
38 silly cache add   scope: null,
38 silly cache add   name: 'nodemon',
38 silly cache add   rawSpec: '',
38 silly cache add   spec: '*',
38 silly cache add   type: 'range' }
39 silly addNamed nodemon@*
40 verbose addNamed "*" is a valid semver range for nodemon
41 silly addNameRange { name: 'nodemon', range: '*', hasData: false }
42 silly mapToRegistry name nodemon
43 silly mapToRegistry using default registry
44 silly mapToRegistry registry https://registry.npmjs.org/
45 silly mapToRegistry uri https://registry.npmjs.org/nodemon
46 verbose addNameRange registry:https://registry.npmjs.org/nodemon not in flight; fetching
47 verbose get https://registry.npmjs.org/nodemon not expired, no request
48 silly addNameRange number 2 { name: 'nodemon', range: '*', hasData: true }
49 silly addNameRange versions [ 'nodemon',
49 silly addNameRange   [ '0.1.4',
49 silly addNameRange     '0.1.5',
49 silly addNameRange     '0.1.6',
49 silly addNameRange     '0.1.7',
49 silly addNameRange     '0.1.8',
49 silly addNameRange     '0.2.0',
49 silly addNameRange     '0.2.1',
49 silly addNameRange     '0.2.2',
49 silly addNameRange     '0.3.0',
49 silly addNameRange     '0.3.1',
49 silly addNameRange     '0.3.2',
49 silly addNameRange     '0.4.0',
49 silly addNameRange     '0.4.1',
49 silly addNameRange     '0.5.0',
49 silly addNameRange     '0.5.1',
49 silly addNameRange     '0.5.2',
49 silly addNameRange     '0.5.3',
49 silly addNameRange     '0.5.4',
49 silly addNameRange     '0.5.5',
49 silly addNameRange     '0.5.6',
49 silly addNameRange     '0.5.7',
49 silly addNameRange     '0.6.0',
49 silly addNameRange     '0.6.1',
49 silly addNameRange     '0.6.2',
49 silly addNameRange     '0.6.3',
49 silly addNameRange     '0.6.4',
49 silly addNameRange     '0.6.5',
49 silly addNameRange     '0.6.6',
49 silly addNameRange     '0.6.7',
49 silly addNameRange     '0.6.8',
49 silly addNameRange     '0.6.9',
49 silly addNameRange     '0.6.10',
49 silly addNameRange     '0.6.11',
49 silly addNameRange     '0.6.12',
49 silly addNameRange     '0.6.13',
49 silly addNameRange     '0.6.14',
49 silly addNameRange     '0.6.15',
49 silly addNameRange     '0.6.16',
49 silly addNameRange     '0.6.17',
49 silly addNameRange     '0.6.18',
49 silly addNameRange     '0.6.19',
49 silly addNameRange     '0.6.20',
49 silly addNameRange     '0.6.21',
49 silly addNameRange     '0.6.22',
49 silly addNameRange     '0.6.23',
49 silly addNameRange     '0.7.0',
49 silly addNameRange     '0.7.1',
49 silly addNameRange     '0.7.2',
49 silly addNameRange     '0.7.3',
49 silly addNameRange     '0.7.4',
49 silly addNameRange     '0.7.5',
49 silly addNameRange     '0.7.6',
49 silly addNameRange     '0.7.7',
49 silly addNameRange     '0.7.8',
49 silly addNameRange     '0.7.10',
49 silly addNameRange     '0.9.0',
49 silly addNameRange     '0.9.1',
49 silly addNameRange     '0.9.2',
49 silly addNameRange     '0.9.3',
49 silly addNameRange     '0.9.5',
49 silly addNameRange     '0.9.6',
49 silly addNameRange     '0.9.7',
49 silly addNameRange     '0.9.10',
49 silly addNameRange     '0.9.11',
49 silly addNameRange     '0.9.12',
49 silly addNameRange     '0.9.14',
49 silly addNameRange     '0.9.16',
49 silly addNameRange     '0.9.17',
49 silly addNameRange     '1.0.0',
49 silly addNameRange     '1.0.1',
49 silly addNameRange     '1.0.2',
49 silly addNameRange     '1.0.2-rc',
49 silly addNameRange     '0.6.10-a',
49 silly addNameRange     '1.0.2-rc3',
49 silly addNameRange     '1.0.2-rc4',
49 silly addNameRange     '1.0.3',
49 silly addNameRange     '1.0.4',
49 silly addNameRange     '1.0.5',
49 silly addNameRange     '1.0.6',
49 silly addNameRange     '1.0.7',
49 silly addNameRange     '1.0.8',
49 silly addNameRange     '1.0.9',
49 silly addNameRange     '1.0.10',
49 silly addNameRange     '1.0.11',
49 silly addNameRange     '1.0.12',
49 silly addNameRange     '1.0.13',
49 silly addNameRange     '1.0.14',
49 silly addNameRange     '1.0.15',
49 silly addNameRange     '1.0.16',
49 silly addNameRange     '1.0.17-rc1',
49 silly addNameRange     '1.0.17-rc2',
49 silly addNameRange     '1.0.17',
49 silly addNameRange     '1.0.18',
49 silly addNameRange     '1.0.19',
49 silly addNameRange     '1.0.20',
49 silly addNameRange     '1.1.0-alpha',
49 silly addNameRange     '1.1.0',
49 silly addNameRange     '1.1.1',
49 silly addNameRange     '1.2.0',
49 silly addNameRange     '1.2.1',
49 silly addNameRange     '1.3.0-0',
49 silly addNameRange     '1.3.0-1',
49 silly addNameRange     '1.3.0-2',
49 silly addNameRange     '1.3.0-3',
49 silly addNameRange     '1.3.0-4',
49 silly addNameRange     '1.3.0-5',
49 silly addNameRange     '1.3.0-6',
49 silly addNameRange     '1.3.0-7',
49 silly addNameRange     '1.3.0',
49 silly addNameRange     '1.3.1',
49 silly addNameRange     '1.3.2',
49 silly addNameRange     '1.3.3',
49 silly addNameRange     '1.3.5',
49 silly addNameRange     '1.3.6',
49 silly addNameRange     '1.3.7',
49 silly addNameRange     '1.3.8',
49 silly addNameRange     '1.4.0',
49 silly addNameRange     '1.4.1',
49 silly addNameRange     '1.5.0-alpha1',
49 silly addNameRange     '1.5.0-alpha2',
49 silly addNameRange     '1.5.0-alpha3',
49 silly addNameRange     '1.5.0-alpha4',
49 silly addNameRange     '1.4.2',
49 silly addNameRange     '1.5.0',
49 silly addNameRange     '1.5.1',
49 silly addNameRange     '1.6.0',
49 silly addNameRange     '1.6.1',
49 silly addNameRange     '1.7.0',
49 silly addNameRange     '1.7.1',
49 silly addNameRange     '1.7.2',
49 silly addNameRange     '1.7.3',
49 silly addNameRange     '1.8.0',
49 silly addNameRange     '1.8.1' ] ]
50 silly addNamed nodemon@1.8.1
51 verbose addNamed "1.8.1" is a plain semver version for nodemon
52 silly mapToRegistry name nodemon
53 silly mapToRegistry using default registry
54 silly mapToRegistry registry https://registry.npmjs.org/
55 silly mapToRegistry uri https://registry.npmjs.org/nodemon
56 verbose addRemoteTarball https://registry.npmjs.org/nodemon/-/nodemon-1.8.1.tgz not in flight; adding
57 verbose addRemoteTarball [ 'https://registry.npmjs.org/nodemon/-/nodemon-1.8.1.tgz',
57 verbose addRemoteTarball   '75cfd7ac167e938cdab7313c839bc45a1859bb32' ]
58 info retry fetch attempt 1 at 14:37:46
59 info attempt registry request try #1 at 14:37:46
60 http fetch GET https://registry.npmjs.org/nodemon/-/nodemon-1.8.1.tgz
61 http fetch 200 https://registry.npmjs.org/nodemon/-/nodemon-1.8.1.tgz
62 silly fetchAndShaCheck shasum 75cfd7ac167e938cdab7313c839bc45a1859bb32
63 verbose addTmpTarball /tmp/npm-4969-a7610673/registry.npmjs.org/nodemon/-/nodemon-1.8.1.tgz not in flight; adding
64 verbose addTmpTarball already have metadata; skipping unpack for nodemon@1.8.1
65 silly rollbackFailedOptional Starting
66 silly rollbackFailedOptional Finishing
67 silly runTopLevelLifecycles Starting
68 silly runTopLevelLifecycles Finishing
69 silly install printInstalled
70 verbose stack Error: EACCES: permission denied, mkdir '/home/apprenti/.npm/nodemon/1.8.1'
70 verbose stack     at Error (native)
71 verbose cwd /home/apprenti/Bureau/projet-bourse_emploi
72 error Linux 3.19.0-42-generic
73 error argv "/usr/local/bin/node" "/usr/local/bin/npm" "install" "-g" "nodemon"
74 error node v5.0.0
75 error npm  v3.3.6
76 error path /home/apprenti/.npm/nodemon/1.8.1
77 error code EACCES
78 error errno -13
79 error syscall mkdir
80 error Error: EACCES: permission denied, mkdir '/home/apprenti/.npm/nodemon/1.8.1'
80 error     at Error (native)
80 error  { [Error: EACCES: permission denied, mkdir '/home/apprenti/.npm/nodemon/1.8.1']
80 error   errno: -13,
80 error   code: 'EACCES',
80 error   syscall: 'mkdir',
80 error   path: '/home/apprenti/.npm/nodemon/1.8.1' }
81 error Please try running this command again as root/Administrator.
82 verbose exit [ -13, true ]
